<?xml version="1.0" encoding="UTF-8"?>
<!DOCTYPE html PUBLIC "-//W3C//DTD XHTML 1.0 Strict//EN" "http://www.w3.org/TR/xhtml1/DTD/xhtml1-strict.dtd">
<html xmlns="http://www.w3.org/1999/xhtml">
<head>
    <title>图探项目测试报告</title>
    <meta name="generator" content="HTMLTestRunner 0.8.2"/>
    <meta http-equiv="Content-Type" content="text/html; charset=UTF-8"/>
    
<style type="text/css" media="screen">
body        { font-family: verdana, arial, helvetica, sans-serif; font-size: 80%; }
table       { font-size: 100%; }
pre         { }

/* -- heading ---------------------------------------------------------------------- */
h1 {
	font-size: 16pt;
	color: gray;
}
.heading {
    margin-top: 0ex;
    margin-bottom: 1ex;
}

.heading .attribute {
    margin-top: 1ex;
    margin-bottom: 0;
}

.heading .description {
    margin-top: 4ex;
    margin-bottom: 6ex;
}

/* -- css div popup ------------------------------------------------------------------------ */
a.popup_link {
}

a.popup_link:hover {
    color: red;
}

.popup_window {
    display: none;
    position: relative;
    left: 0px;
    top: 0px;
    /*border: solid #627173 1px; */
    padding: 10px;
    background-color: #E6E6D6;
    font-family: "Lucida Console", "Courier New", Courier, monospace;
    text-align: left;
    font-size: 8pt;
    width: 500px;
}


/* -- report ------------------------------------------------------------------------ */
#show_detail_line {
    margin-top: 3ex;
    margin-bottom: 1ex;
}
#result_table {
    width: 80%;
    border-collapse: collapse;
    border: 1px solid #777;
}
#header_row {
    font-weight: bold;
    color: white;
    background-color: #6c6;
}
#result_table td {
    border: 1px solid #777;
    padding: 2px;
}
#total_row  { font-weight: bold; }
.passClass  { background-color: #6c6; }
.failClass  { background-color: #c60; }
.errorClass { background-color: #c00; }
.passCase   { color: #6c6; }
.failCase   { color: #c60; font-weight: bold; }
.errorCase  { color: #c00; font-weight: bold; }
.hiddenRow  { display: none; }
.testcase   { margin-left: 2em; }


/* -- ending ---------------------------------------------------------------------- */
#ending {
}

</style>

</head>
<body>
<script language="javascript" type="text/javascript"><!--
output_list = Array();

/* level - 0:Summary; 1:Failed; 2:All */
function showCase(level) {
    trs = document.getElementsByTagName("tr");
    for (var i = 0; i < trs.length; i++) {
        tr = trs[i];
        id = tr.id;
        if (id.substr(0,2) == 'ft') {
            if (level < 1) {
                tr.className = 'hiddenRow';
            }
            else {
                tr.className = '';
            }
        }
        if (id.substr(0,2) == 'pt') {
            if (level > 1) {
                tr.className = '';
            }
            else {
                tr.className = 'hiddenRow';
            }
        }
    }
}


function showClassDetail(cid, count) {
    var id_list = Array(count);
    var toHide = 1;
    for (var i = 0; i < count; i++) {
        tid0 = 't' + cid.substr(1) + '.' + (i+1);
        tid = 'f' + tid0;
        tr = document.getElementById(tid);
        if (!tr) {
            tid = 'p' + tid0;
            tr = document.getElementById(tid);
        }
        id_list[i] = tid;
        if (tr.className) {
            toHide = 0;
        }
    }
    for (var i = 0; i < count; i++) {
        tid = id_list[i];
        if (toHide) {
            document.getElementById('div_'+tid).style.display = 'none'
            document.getElementById(tid).className = 'hiddenRow';
        }
        else {
            document.getElementById(tid).className = '';
        }
    }
}


function showTestDetail(div_id){
    var details_div = document.getElementById(div_id)
    var displayState = details_div.style.display
    // alert(displayState)
    if (displayState != 'block' ) {
        displayState = 'block'
        details_div.style.display = 'block'
    }
    else {
        details_div.style.display = 'none'
    }
}


function html_escape(s) {
    s = s.replace(/&/g,'&amp;');
    s = s.replace(/</g,'&lt;');
    s = s.replace(/>/g,'&gt;');
    return s;
}

/* obsoleted by detail in <div>
function showOutput(id, name) {
    var w = window.open("", //url
                    name,
                    "resizable,scrollbars,status,width=800,height=450");
    d = w.document;
    d.write("<pre>");
    d.write(html_escape(output_list[id]));
    d.write("\n");
    d.write("<a href='javascript:window.close()'>close</a>\n");
    d.write("</pre>\n");
    d.close();
}
*/
--></script>

<div class='heading'>
<h1>图探项目测试报告</h1>
<p class='attribute'><strong>Start Time:</strong> 2023-03-27 21:07:42</p>
<p class='attribute'><strong>Duration:</strong> 0:01:28.918847</p>
<p class='attribute'><strong>Status:</strong> Error 6</p>

<p class='description'>操作系统 win10</p>
</div>



<p id='show_detail_line'>Show
<a href='javascript:showCase(0)'>Summary</a>
<a href='javascript:showCase(1)'>Failed</a>
<a href='javascript:showCase(2)'>All</a>
</p>
<table id='result_table'>
<colgroup>
<col align='left' />
<col align='right' />
<col align='right' />
<col align='right' />
<col align='right' />
<col align='right' />
</colgroup>
<tr id='header_row'>
    <td>Test Group/Test case</td>
    <td>Count</td>
    <td>Pass</td>
    <td>Fail</td>
    <td>Error</td>
    <td>View</td>
</tr>

<tr class='errorClass'>
    <td>test_login.TestLogin</td>
    <td>6</td>
    <td>0</td>
    <td>0</td>
    <td>6</td>
    <td><a href="javascript:showClassDetail('c1',6)">Detail</a></td>
</tr>

<tr id='ft1.1' class='none'>
    <td class='errorCase'><div class='testcase'>test_login_0_138000011112</div></td>
    <td colspan='5' align='center'>

    <!--css div popup start-->
    <a class="popup_link" onfocus='this.blur();' href="javascript:showTestDetail('div_ft1.1')" >
        error</a>

    <div id='div_ft1.1' class="popup_window">
        <div style='text-align: right; color:red;cursor:pointer'>
        <a onfocus='this.blur();' onclick="document.getElementById('div_ft1.1').style.display = 'none' " >
           [x]</a>
        </div>
        <pre>
        
ft1.1: Traceback (most recent call last):
  File "C:\Users\gy08205060218\PycharmProjects\pythonProject\venv\lib\site-packages\parameterized\parameterized.py", line 533, in standalone_func
    return func(*(a + p.args), **p.kwargs)
  File "D:\Users\gy08205060218\tutan_test\scripts\test_login.py", line 48, in test_login
    self.login.page_login(username, pwd, code)
  File "D:\Users\gy08205060218\tutan_test\page\page_login.py", line 52, in page_login
    self.page_input_username(username)
  File "D:\Users\gy08205060218\tutan_test\page\page_login.py", line 12, in page_input_username
    self.base_input(page.login_username, username)
  File "D:\Users\gy08205060218\tutan_test\base\base.py", line 37, in base_input
    el = self.base_find_element(loc)
  File "D:\Users\gy08205060218\tutan_test\base\base.py", line 19, in base_find_element
    return WebDriverWait(self.driver,
  File "C:\Users\gy08205060218\PycharmProjects\pythonProject\venv\lib\site-packages\selenium\webdriver\support\wait.py", line 90, in until
    raise TimeoutException(message, screen, stacktrace)
selenium.common.exceptions.TimeoutException: Message: 
Stacktrace:
Backtrace:
	Microsoft::Applications::Events::EventProperties::SetProperty [0x00007FF723D73C22+14194]
	Microsoft::Applications::Events::EventProperty::EventProperty [0x00007FF723D0AEC2+817458]
	(No symbol) [0x00007FF72399DB50]
	(No symbol) [0x00007FF7239E0585]
	(No symbol) [0x00007FF7239E070C]
	(No symbol) [0x00007FF723A1C277]
	(No symbol) [0x00007FF723A006CF]
	(No symbol) [0x00007FF7239D3121]
	(No symbol) [0x00007FF723A196FE]
	(No symbol) [0x00007FF723A00343]
	(No symbol) [0x00007FF7239D1FFC]
	(No symbol) [0x00007FF7239D0F7E]
	(No symbol) [0x00007FF7239D27EE]
	Microsoft::Applications::Events::EventProperties::SetProperty [0x00007FF723BEEAA0+180080]
	(No symbol) [0x00007FF723AA0B17]
	Microsoft::Applications::Events::EventProperty::EventProperty [0x00007FF723C4F772+49634]
	Microsoft::Applications::Events::EventProperty::EventProperty [0x00007FF723C52975+62437]
	Microsoft::Applications::Events::ILogManager::DispatchEventBroadcast [0x00007FF723F61488+1408232]
	Microsoft::Applications::Events::EventProperty::EventProperty [0x00007FF723D133CF+851519]
	Microsoft::Applications::Events::EventProperty::EventProperty [0x00007FF723D18434+872100]
	Microsoft::Applications::Events::EventProperty::EventProperty [0x00007FF723D1858C+872444]
	Microsoft::Applications::Events::EventProperty::EventProperty [0x00007FF723D2089B+905995]
	BaseThreadInitThunk [0x00007FFF302E7614+20]
	RtlUserThreadStart [0x00007FFF31FA26A1+33]

Traceback (most recent call last):
  File "C:\Users\gy08205060218\PycharmProjects\pythonProject\venv\lib\site-packages\parameterized\parameterized.py", line 533, in standalone_func
    return func(*(a + p.args), **p.kwargs)
  File "D:\Users\gy08205060218\tutan_test\scripts\test_login.py", line 48, in test_login
    self.login.page_login(username, pwd, code)
  File "D:\Users\gy08205060218\tutan_test\page\page_login.py", line 52, in page_login
    self.page_input_username(username)
  File "D:\Users\gy08205060218\tutan_test\page\page_login.py", line 12, in page_input_username
    self.base_input(page.login_username, username)
  File "D:\Users\gy08205060218\tutan_test\base\base.py", line 37, in base_input
    el = self.base_find_element(loc)
  File "D:\Users\gy08205060218\tutan_test\base\base.py", line 19, in base_find_element
    return WebDriverWait(self.driver,
  File "C:\Users\gy08205060218\PycharmProjects\pythonProject\venv\lib\site-packages\selenium\webdriver\support\wait.py", line 90, in until
    raise TimeoutException(message, screen, stacktrace)
selenium.common.exceptions.TimeoutException: Message: 
Stacktrace:
Backtrace:
	Microsoft::Applications::Events::EventProperties::SetProperty [0x00007FF723D73C22+14194]
	Microsoft::Applications::Events::EventProperty::EventProperty [0x00007FF723D0AEC2+817458]
	(No symbol) [0x00007FF72399DB50]
	(No symbol) [0x00007FF7239E0585]
	(No symbol) [0x00007FF7239E070C]
	(No symbol) [0x00007FF723A1C277]
	(No symbol) [0x00007FF723A006CF]
	(No symbol) [0x00007FF7239D3121]
	(No symbol) [0x00007FF723A196FE]
	(No symbol) [0x00007FF723A00343]
	(No symbol) [0x00007FF7239D1FFC]
	(No symbol) [0x00007FF7239D0F7E]
	(No symbol) [0x00007FF7239D27EE]
	Microsoft::Applications::Events::EventProperties::SetProperty [0x00007FF723BEEAA0+180080]
	(No symbol) [0x00007FF723AA0B17]
	Microsoft::Applications::Events::EventProperty::EventProperty [0x00007FF723C4F772+49634]
	Microsoft::Applications::Events::EventProperty::EventProperty [0x00007FF723C52975+62437]
	Microsoft::Applications::Events::ILogManager::DispatchEventBroadcast [0x00007FF723F61488+1408232]
	Microsoft::Applications::Events::EventProperty::EventProperty [0x00007FF723D133CF+851519]
	Microsoft::Applications::Events::EventProperty::EventProperty [0x00007FF723D18434+872100]
	Microsoft::Applications::Events::EventProperty::EventProperty [0x00007FF723D1858C+872444]
	Microsoft::Applications::Events::EventProperty::EventProperty [0x00007FF723D2089B+905995]
	BaseThreadInitThunk [0x00007FFF302E7614+20]
	RtlUserThreadStart [0x00007FFF31FA26A1+33]



        </pre>
    </div>
    <!--css div popup end-->

    </td>
</tr>

<tr id='ft1.2' class='none'>
    <td class='errorCase'><div class='testcase'>test_login_1_13800001111</div></td>
    <td colspan='5' align='center'>

    <!--css div popup start-->
    <a class="popup_link" onfocus='this.blur();' href="javascript:showTestDetail('div_ft1.2')" >
        error</a>

    <div id='div_ft1.2' class="popup_window">
        <div style='text-align: right; color:red;cursor:pointer'>
        <a onfocus='this.blur();' onclick="document.getElementById('div_ft1.2').style.display = 'none' " >
           [x]</a>
        </div>
        <pre>
        
ft1.2: Traceback (most recent call last):
  File "C:\Users\gy08205060218\PycharmProjects\pythonProject\venv\lib\site-packages\parameterized\parameterized.py", line 533, in standalone_func
    return func(*(a + p.args), **p.kwargs)
  File "D:\Users\gy08205060218\tutan_test\scripts\test_login.py", line 48, in test_login
    self.login.page_login(username, pwd, code)
  File "D:\Users\gy08205060218\tutan_test\page\page_login.py", line 52, in page_login
    self.page_input_username(username)
  File "D:\Users\gy08205060218\tutan_test\page\page_login.py", line 12, in page_input_username
    self.base_input(page.login_username, username)
  File "D:\Users\gy08205060218\tutan_test\base\base.py", line 37, in base_input
    el = self.base_find_element(loc)
  File "D:\Users\gy08205060218\tutan_test\base\base.py", line 19, in base_find_element
    return WebDriverWait(self.driver,
  File "C:\Users\gy08205060218\PycharmProjects\pythonProject\venv\lib\site-packages\selenium\webdriver\support\wait.py", line 90, in until
    raise TimeoutException(message, screen, stacktrace)
selenium.common.exceptions.TimeoutException: Message: 
Stacktrace:
Backtrace:
	Microsoft::Applications::Events::EventProperties::SetProperty [0x00007FF723D73C22+14194]
	Microsoft::Applications::Events::EventProperty::EventProperty [0x00007FF723D0AEC2+817458]
	(No symbol) [0x00007FF72399DB50]
	(No symbol) [0x00007FF7239E0585]
	(No symbol) [0x00007FF7239E070C]
	(No symbol) [0x00007FF723A1C277]
	(No symbol) [0x00007FF723A006CF]
	(No symbol) [0x00007FF7239D3121]
	(No symbol) [0x00007FF723A196FE]
	(No symbol) [0x00007FF723A00343]
	(No symbol) [0x00007FF7239D1FFC]
	(No symbol) [0x00007FF7239D0F7E]
	(No symbol) [0x00007FF7239D27EE]
	Microsoft::Applications::Events::EventProperties::SetProperty [0x00007FF723BEEAA0+180080]
	(No symbol) [0x00007FF723AA0B17]
	Microsoft::Applications::Events::EventProperty::EventProperty [0x00007FF723C4F772+49634]
	Microsoft::Applications::Events::EventProperty::EventProperty [0x00007FF723C52975+62437]
	Microsoft::Applications::Events::ILogManager::DispatchEventBroadcast [0x00007FF723F61488+1408232]
	Microsoft::Applications::Events::EventProperty::EventProperty [0x00007FF723D133CF+851519]
	Microsoft::Applications::Events::EventProperty::EventProperty [0x00007FF723D18434+872100]
	Microsoft::Applications::Events::EventProperty::EventProperty [0x00007FF723D1858C+872444]
	Microsoft::Applications::Events::EventProperty::EventProperty [0x00007FF723D2089B+905995]
	BaseThreadInitThunk [0x00007FFF302E7614+20]
	RtlUserThreadStart [0x00007FFF31FA26A1+33]

Traceback (most recent call last):
  File "C:\Users\gy08205060218\PycharmProjects\pythonProject\venv\lib\site-packages\parameterized\parameterized.py", line 533, in standalone_func
    return func(*(a + p.args), **p.kwargs)
  File "D:\Users\gy08205060218\tutan_test\scripts\test_login.py", line 48, in test_login
    self.login.page_login(username, pwd, code)
  File "D:\Users\gy08205060218\tutan_test\page\page_login.py", line 52, in page_login
    self.page_input_username(username)
  File "D:\Users\gy08205060218\tutan_test\page\page_login.py", line 12, in page_input_username
    self.base_input(page.login_username, username)
  File "D:\Users\gy08205060218\tutan_test\base\base.py", line 37, in base_input
    el = self.base_find_element(loc)
  File "D:\Users\gy08205060218\tutan_test\base\base.py", line 19, in base_find_element
    return WebDriverWait(self.driver,
  File "C:\Users\gy08205060218\PycharmProjects\pythonProject\venv\lib\site-packages\selenium\webdriver\support\wait.py", line 90, in until
    raise TimeoutException(message, screen, stacktrace)
selenium.common.exceptions.TimeoutException: Message: 
Stacktrace:
Backtrace:
	Microsoft::Applications::Events::EventProperties::SetProperty [0x00007FF723D73C22+14194]
	Microsoft::Applications::Events::EventProperty::EventProperty [0x00007FF723D0AEC2+817458]
	(No symbol) [0x00007FF72399DB50]
	(No symbol) [0x00007FF7239E0585]
	(No symbol) [0x00007FF7239E070C]
	(No symbol) [0x00007FF723A1C277]
	(No symbol) [0x00007FF723A006CF]
	(No symbol) [0x00007FF7239D3121]
	(No symbol) [0x00007FF723A196FE]
	(No symbol) [0x00007FF723A00343]
	(No symbol) [0x00007FF7239D1FFC]
	(No symbol) [0x00007FF7239D0F7E]
	(No symbol) [0x00007FF7239D27EE]
	Microsoft::Applications::Events::EventProperties::SetProperty [0x00007FF723BEEAA0+180080]
	(No symbol) [0x00007FF723AA0B17]
	Microsoft::Applications::Events::EventProperty::EventProperty [0x00007FF723C4F772+49634]
	Microsoft::Applications::Events::EventProperty::EventProperty [0x00007FF723C52975+62437]
	Microsoft::Applications::Events::ILogManager::DispatchEventBroadcast [0x00007FF723F61488+1408232]
	Microsoft::Applications::Events::EventProperty::EventProperty [0x00007FF723D133CF+851519]
	Microsoft::Applications::Events::EventProperty::EventProperty [0x00007FF723D18434+872100]
	Microsoft::Applications::Events::EventProperty::EventProperty [0x00007FF723D1858C+872444]
	Microsoft::Applications::Events::EventProperty::EventProperty [0x00007FF723D2089B+905995]
	BaseThreadInitThunk [0x00007FFF302E7614+20]
	RtlUserThreadStart [0x00007FFF31FA26A1+33]



        </pre>
    </div>
    <!--css div popup end-->

    </td>
</tr>

<tr id='ft1.3' class='none'>
    <td class='errorCase'><div class='testcase'>test_login_2_</div></td>
    <td colspan='5' align='center'>

    <!--css div popup start-->
    <a class="popup_link" onfocus='this.blur();' href="javascript:showTestDetail('div_ft1.3')" >
        error</a>

    <div id='div_ft1.3' class="popup_window">
        <div style='text-align: right; color:red;cursor:pointer'>
        <a onfocus='this.blur();' onclick="document.getElementById('div_ft1.3').style.display = 'none' " >
           [x]</a>
        </div>
        <pre>
        
ft1.3: Traceback (most recent call last):
  File "C:\Users\gy08205060218\PycharmProjects\pythonProject\venv\lib\site-packages\parameterized\parameterized.py", line 533, in standalone_func
    return func(*(a + p.args), **p.kwargs)
  File "D:\Users\gy08205060218\tutan_test\scripts\test_login.py", line 48, in test_login
    self.login.page_login(username, pwd, code)
  File "D:\Users\gy08205060218\tutan_test\page\page_login.py", line 52, in page_login
    self.page_input_username(username)
  File "D:\Users\gy08205060218\tutan_test\page\page_login.py", line 12, in page_input_username
    self.base_input(page.login_username, username)
  File "D:\Users\gy08205060218\tutan_test\base\base.py", line 37, in base_input
    el = self.base_find_element(loc)
  File "D:\Users\gy08205060218\tutan_test\base\base.py", line 19, in base_find_element
    return WebDriverWait(self.driver,
  File "C:\Users\gy08205060218\PycharmProjects\pythonProject\venv\lib\site-packages\selenium\webdriver\support\wait.py", line 81, in until
    value = method(self._driver)
  File "D:\Users\gy08205060218\tutan_test\base\base.py", line 21, in &lt;lambda&gt;
    poll_frequency=poll).until(lambda x: x.find_element(*loc))
  File "C:\Users\gy08205060218\PycharmProjects\pythonProject\venv\lib\site-packages\selenium\webdriver\remote\webdriver.py", line 855, in find_element
    return self.execute(Command.FIND_ELEMENT, {
  File "C:\Users\gy08205060218\PycharmProjects\pythonProject\venv\lib\site-packages\selenium\webdriver\remote\webdriver.py", line 428, in execute
    self.error_handler.check_response(response)
  File "C:\Users\gy08205060218\PycharmProjects\pythonProject\venv\lib\site-packages\selenium\webdriver\remote\errorhandler.py", line 243, in check_response
    raise exception_class(message, screen, stacktrace)
selenium.common.exceptions.NoSuchWindowException: Message: no such window: target window already closed
from unknown error: web view not found
  (Session info: MicrosoftEdge=111.0.1661.54)
Stacktrace:
Backtrace:
	Microsoft::Applications::Events::EventProperties::SetProperty [0x00007FF723D73C22+14194]
	Microsoft::Applications::Events::EventProperty::EventProperty [0x00007FF723D0AEC2+817458]
	(No symbol) [0x00007FF72399DB50]
	(No symbol) [0x00007FF723977B24]
	(No symbol) [0x00007FF723A04777]
	(No symbol) [0x00007FF723A18F08]
	(No symbol) [0x00007FF723A00343]
	(No symbol) [0x00007FF7239D1FFC]
	(No symbol) [0x00007FF7239D0F7E]
	(No symbol) [0x00007FF7239D27EE]
	Microsoft::Applications::Events::EventProperties::SetProperty [0x00007FF723BEEAA0+180080]
	(No symbol) [0x00007FF723AA0B17]
	Microsoft::Applications::Events::EventProperty::EventProperty [0x00007FF723C4F772+49634]
	Microsoft::Applications::Events::EventProperty::EventProperty [0x00007FF723C52975+62437]
	Microsoft::Applications::Events::ILogManager::DispatchEventBroadcast [0x00007FF723F61488+1408232]
	Microsoft::Applications::Events::EventProperty::EventProperty [0x00007FF723D133CF+851519]
	Microsoft::Applications::Events::EventProperty::EventProperty [0x00007FF723D18434+872100]
	Microsoft::Applications::Events::EventProperty::EventProperty [0x00007FF723D1858C+872444]
	Microsoft::Applications::Events::EventProperty::EventProperty [0x00007FF723D2089B+905995]
	BaseThreadInitThunk [0x00007FFF302E7614+20]
	RtlUserThreadStart [0x00007FFF31FA26A1+33]

Traceback (most recent call last):
  File "C:\Users\gy08205060218\PycharmProjects\pythonProject\venv\lib\site-packages\parameterized\parameterized.py", line 533, in standalone_func
    return func(*(a + p.args), **p.kwargs)
  File "D:\Users\gy08205060218\tutan_test\scripts\test_login.py", line 48, in test_login
    self.login.page_login(username, pwd, code)
  File "D:\Users\gy08205060218\tutan_test\page\page_login.py", line 52, in page_login
    self.page_input_username(username)
  File "D:\Users\gy08205060218\tutan_test\page\page_login.py", line 12, in page_input_username
    self.base_input(page.login_username, username)
  File "D:\Users\gy08205060218\tutan_test\base\base.py", line 37, in base_input
    el = self.base_find_element(loc)
  File "D:\Users\gy08205060218\tutan_test\base\base.py", line 19, in base_find_element
    return WebDriverWait(self.driver,
  File "C:\Users\gy08205060218\PycharmProjects\pythonProject\venv\lib\site-packages\selenium\webdriver\support\wait.py", line 81, in until
    value = method(self._driver)
  File "D:\Users\gy08205060218\tutan_test\base\base.py", line 21, in &lt;lambda&gt;
    poll_frequency=poll).until(lambda x: x.find_element(*loc))
  File "C:\Users\gy08205060218\PycharmProjects\pythonProject\venv\lib\site-packages\selenium\webdriver\remote\webdriver.py", line 855, in find_element
    return self.execute(Command.FIND_ELEMENT, {
  File "C:\Users\gy08205060218\PycharmProjects\pythonProject\venv\lib\site-packages\selenium\webdriver\remote\webdriver.py", line 428, in execute
    self.error_handler.check_response(response)
  File "C:\Users\gy08205060218\PycharmProjects\pythonProject\venv\lib\site-packages\selenium\webdriver\remote\errorhandler.py", line 243, in check_response
    raise exception_class(message, screen, stacktrace)
selenium.common.exceptions.NoSuchWindowException: Message: no such window: target window already closed
from unknown error: web view not found
  (Session info: MicrosoftEdge=111.0.1661.54)
Stacktrace:
Backtrace:
	Microsoft::Applications::Events::EventProperties::SetProperty [0x00007FF723D73C22+14194]
	Microsoft::Applications::Events::EventProperty::EventProperty [0x00007FF723D0AEC2+817458]
	(No symbol) [0x00007FF72399DB50]
	(No symbol) [0x00007FF723977B24]
	(No symbol) [0x00007FF723A04777]
	(No symbol) [0x00007FF723A18F08]
	(No symbol) [0x00007FF723A00343]
	(No symbol) [0x00007FF7239D1FFC]
	(No symbol) [0x00007FF7239D0F7E]
	(No symbol) [0x00007FF7239D27EE]
	Microsoft::Applications::Events::EventProperties::SetProperty [0x00007FF723BEEAA0+180080]
	(No symbol) [0x00007FF723AA0B17]
	Microsoft::Applications::Events::EventProperty::EventProperty [0x00007FF723C4F772+49634]
	Microsoft::Applications::Events::EventProperty::EventProperty [0x00007FF723C52975+62437]
	Microsoft::Applications::Events::ILogManager::DispatchEventBroadcast [0x00007FF723F61488+1408232]
	Microsoft::Applications::Events::EventProperty::EventProperty [0x00007FF723D133CF+851519]
	Microsoft::Applications::Events::EventProperty::EventProperty [0x00007FF723D18434+872100]
	Microsoft::Applications::Events::EventProperty::EventProperty [0x00007FF723D1858C+872444]
	Microsoft::Applications::Events::EventProperty::EventProperty [0x00007FF723D2089B+905995]
	BaseThreadInitThunk [0x00007FFF302E7614+20]
	RtlUserThreadStart [0x00007FFF31FA26A1+33]



        </pre>
    </div>
    <!--css div popup end-->

    </td>
</tr>

<tr id='ft1.4' class='none'>
    <td class='errorCase'><div class='testcase'>test_login_3_13800001111</div></td>
    <td colspan='5' align='center'>

    <!--css div popup start-->
    <a class="popup_link" onfocus='this.blur();' href="javascript:showTestDetail('div_ft1.4')" >
        error</a>

    <div id='div_ft1.4' class="popup_window">
        <div style='text-align: right; color:red;cursor:pointer'>
        <a onfocus='this.blur();' onclick="document.getElementById('div_ft1.4').style.display = 'none' " >
           [x]</a>
        </div>
        <pre>
        
ft1.4: Traceback (most recent call last):
  File "C:\Users\gy08205060218\PycharmProjects\pythonProject\venv\lib\site-packages\parameterized\parameterized.py", line 533, in standalone_func
    return func(*(a + p.args), **p.kwargs)
  File "D:\Users\gy08205060218\tutan_test\scripts\test_login.py", line 48, in test_login
    self.login.page_login(username, pwd, code)
  File "D:\Users\gy08205060218\tutan_test\page\page_login.py", line 52, in page_login
    self.page_input_username(username)
  File "D:\Users\gy08205060218\tutan_test\page\page_login.py", line 12, in page_input_username
    self.base_input(page.login_username, username)
  File "D:\Users\gy08205060218\tutan_test\base\base.py", line 37, in base_input
    el = self.base_find_element(loc)
  File "D:\Users\gy08205060218\tutan_test\base\base.py", line 19, in base_find_element
    return WebDriverWait(self.driver,
  File "C:\Users\gy08205060218\PycharmProjects\pythonProject\venv\lib\site-packages\selenium\webdriver\support\wait.py", line 81, in until
    value = method(self._driver)
  File "D:\Users\gy08205060218\tutan_test\base\base.py", line 21, in &lt;lambda&gt;
    poll_frequency=poll).until(lambda x: x.find_element(*loc))
  File "C:\Users\gy08205060218\PycharmProjects\pythonProject\venv\lib\site-packages\selenium\webdriver\remote\webdriver.py", line 855, in find_element
    return self.execute(Command.FIND_ELEMENT, {
  File "C:\Users\gy08205060218\PycharmProjects\pythonProject\venv\lib\site-packages\selenium\webdriver\remote\webdriver.py", line 428, in execute
    self.error_handler.check_response(response)
  File "C:\Users\gy08205060218\PycharmProjects\pythonProject\venv\lib\site-packages\selenium\webdriver\remote\errorhandler.py", line 243, in check_response
    raise exception_class(message, screen, stacktrace)
selenium.common.exceptions.NoSuchWindowException: Message: no such window: target window already closed
from unknown error: web view not found
  (Session info: MicrosoftEdge=111.0.1661.54)
Stacktrace:
Backtrace:
	Microsoft::Applications::Events::EventProperties::SetProperty [0x00007FF723D73C22+14194]
	Microsoft::Applications::Events::EventProperty::EventProperty [0x00007FF723D0AEC2+817458]
	(No symbol) [0x00007FF72399DB50]
	(No symbol) [0x00007FF723977B24]
	(No symbol) [0x00007FF723A04777]
	(No symbol) [0x00007FF723A18F08]
	(No symbol) [0x00007FF723A00343]
	(No symbol) [0x00007FF7239D1FFC]
	(No symbol) [0x00007FF7239D0F7E]
	(No symbol) [0x00007FF7239D27EE]
	Microsoft::Applications::Events::EventProperties::SetProperty [0x00007FF723BEEAA0+180080]
	(No symbol) [0x00007FF723AA0B17]
	Microsoft::Applications::Events::EventProperty::EventProperty [0x00007FF723C4F772+49634]
	Microsoft::Applications::Events::EventProperty::EventProperty [0x00007FF723C52975+62437]
	Microsoft::Applications::Events::ILogManager::DispatchEventBroadcast [0x00007FF723F61488+1408232]
	Microsoft::Applications::Events::EventProperty::EventProperty [0x00007FF723D133CF+851519]
	Microsoft::Applications::Events::EventProperty::EventProperty [0x00007FF723D18434+872100]
	Microsoft::Applications::Events::EventProperty::EventProperty [0x00007FF723D1858C+872444]
	Microsoft::Applications::Events::EventProperty::EventProperty [0x00007FF723D2089B+905995]
	BaseThreadInitThunk [0x00007FFF302E7614+20]
	RtlUserThreadStart [0x00007FFF31FA26A1+33]

Traceback (most recent call last):
  File "C:\Users\gy08205060218\PycharmProjects\pythonProject\venv\lib\site-packages\parameterized\parameterized.py", line 533, in standalone_func
    return func(*(a + p.args), **p.kwargs)
  File "D:\Users\gy08205060218\tutan_test\scripts\test_login.py", line 48, in test_login
    self.login.page_login(username, pwd, code)
  File "D:\Users\gy08205060218\tutan_test\page\page_login.py", line 52, in page_login
    self.page_input_username(username)
  File "D:\Users\gy08205060218\tutan_test\page\page_login.py", line 12, in page_input_username
    self.base_input(page.login_username, username)
  File "D:\Users\gy08205060218\tutan_test\base\base.py", line 37, in base_input
    el = self.base_find_element(loc)
  File "D:\Users\gy08205060218\tutan_test\base\base.py", line 19, in base_find_element
    return WebDriverWait(self.driver,
  File "C:\Users\gy08205060218\PycharmProjects\pythonProject\venv\lib\site-packages\selenium\webdriver\support\wait.py", line 81, in until
    value = method(self._driver)
  File "D:\Users\gy08205060218\tutan_test\base\base.py", line 21, in &lt;lambda&gt;
    poll_frequency=poll).until(lambda x: x.find_element(*loc))
  File "C:\Users\gy08205060218\PycharmProjects\pythonProject\venv\lib\site-packages\selenium\webdriver\remote\webdriver.py", line 855, in find_element
    return self.execute(Command.FIND_ELEMENT, {
  File "C:\Users\gy08205060218\PycharmProjects\pythonProject\venv\lib\site-packages\selenium\webdriver\remote\webdriver.py", line 428, in execute
    self.error_handler.check_response(response)
  File "C:\Users\gy08205060218\PycharmProjects\pythonProject\venv\lib\site-packages\selenium\webdriver\remote\errorhandler.py", line 243, in check_response
    raise exception_class(message, screen, stacktrace)
selenium.common.exceptions.NoSuchWindowException: Message: no such window: target window already closed
from unknown error: web view not found
  (Session info: MicrosoftEdge=111.0.1661.54)
Stacktrace:
Backtrace:
	Microsoft::Applications::Events::EventProperties::SetProperty [0x00007FF723D73C22+14194]
	Microsoft::Applications::Events::EventProperty::EventProperty [0x00007FF723D0AEC2+817458]
	(No symbol) [0x00007FF72399DB50]
	(No symbol) [0x00007FF723977B24]
	(No symbol) [0x00007FF723A04777]
	(No symbol) [0x00007FF723A18F08]
	(No symbol) [0x00007FF723A00343]
	(No symbol) [0x00007FF7239D1FFC]
	(No symbol) [0x00007FF7239D0F7E]
	(No symbol) [0x00007FF7239D27EE]
	Microsoft::Applications::Events::EventProperties::SetProperty [0x00007FF723BEEAA0+180080]
	(No symbol) [0x00007FF723AA0B17]
	Microsoft::Applications::Events::EventProperty::EventProperty [0x00007FF723C4F772+49634]
	Microsoft::Applications::Events::EventProperty::EventProperty [0x00007FF723C52975+62437]
	Microsoft::Applications::Events::ILogManager::DispatchEventBroadcast [0x00007FF723F61488+1408232]
	Microsoft::Applications::Events::EventProperty::EventProperty [0x00007FF723D133CF+851519]
	Microsoft::Applications::Events::EventProperty::EventProperty [0x00007FF723D18434+872100]
	Microsoft::Applications::Events::EventProperty::EventProperty [0x00007FF723D1858C+872444]
	Microsoft::Applications::Events::EventProperty::EventProperty [0x00007FF723D2089B+905995]
	BaseThreadInitThunk [0x00007FFF302E7614+20]
	RtlUserThreadStart [0x00007FFF31FA26A1+33]



        </pre>
    </div>
    <!--css div popup end-->

    </td>
</tr>

<tr id='ft1.5' class='none'>
    <td class='errorCase'><div class='testcase'>test_login_4_13800001111</div></td>
    <td colspan='5' align='center'>

    <!--css div popup start-->
    <a class="popup_link" onfocus='this.blur();' href="javascript:showTestDetail('div_ft1.5')" >
        error</a>

    <div id='div_ft1.5' class="popup_window">
        <div style='text-align: right; color:red;cursor:pointer'>
        <a onfocus='this.blur();' onclick="document.getElementById('div_ft1.5').style.display = 'none' " >
           [x]</a>
        </div>
        <pre>
        
ft1.5: Traceback (most recent call last):
  File "C:\Users\gy08205060218\PycharmProjects\pythonProject\venv\lib\site-packages\parameterized\parameterized.py", line 533, in standalone_func
    return func(*(a + p.args), **p.kwargs)
  File "D:\Users\gy08205060218\tutan_test\scripts\test_login.py", line 48, in test_login
    self.login.page_login(username, pwd, code)
  File "D:\Users\gy08205060218\tutan_test\page\page_login.py", line 52, in page_login
    self.page_input_username(username)
  File "D:\Users\gy08205060218\tutan_test\page\page_login.py", line 12, in page_input_username
    self.base_input(page.login_username, username)
  File "D:\Users\gy08205060218\tutan_test\base\base.py", line 37, in base_input
    el = self.base_find_element(loc)
  File "D:\Users\gy08205060218\tutan_test\base\base.py", line 19, in base_find_element
    return WebDriverWait(self.driver,
  File "C:\Users\gy08205060218\PycharmProjects\pythonProject\venv\lib\site-packages\selenium\webdriver\support\wait.py", line 81, in until
    value = method(self._driver)
  File "D:\Users\gy08205060218\tutan_test\base\base.py", line 21, in &lt;lambda&gt;
    poll_frequency=poll).until(lambda x: x.find_element(*loc))
  File "C:\Users\gy08205060218\PycharmProjects\pythonProject\venv\lib\site-packages\selenium\webdriver\remote\webdriver.py", line 855, in find_element
    return self.execute(Command.FIND_ELEMENT, {
  File "C:\Users\gy08205060218\PycharmProjects\pythonProject\venv\lib\site-packages\selenium\webdriver\remote\webdriver.py", line 428, in execute
    self.error_handler.check_response(response)
  File "C:\Users\gy08205060218\PycharmProjects\pythonProject\venv\lib\site-packages\selenium\webdriver\remote\errorhandler.py", line 243, in check_response
    raise exception_class(message, screen, stacktrace)
selenium.common.exceptions.NoSuchWindowException: Message: no such window: target window already closed
from unknown error: web view not found
  (Session info: MicrosoftEdge=111.0.1661.54)
Stacktrace:
Backtrace:
	Microsoft::Applications::Events::EventProperties::SetProperty [0x00007FF723D73C22+14194]
	Microsoft::Applications::Events::EventProperty::EventProperty [0x00007FF723D0AEC2+817458]
	(No symbol) [0x00007FF72399DB50]
	(No symbol) [0x00007FF723977B24]
	(No symbol) [0x00007FF723A04777]
	(No symbol) [0x00007FF723A18F08]
	(No symbol) [0x00007FF723A00343]
	(No symbol) [0x00007FF7239D1FFC]
	(No symbol) [0x00007FF7239D0F7E]
	(No symbol) [0x00007FF7239D27EE]
	Microsoft::Applications::Events::EventProperties::SetProperty [0x00007FF723BEEAA0+180080]
	(No symbol) [0x00007FF723AA0B17]
	Microsoft::Applications::Events::EventProperty::EventProperty [0x00007FF723C4F772+49634]
	Microsoft::Applications::Events::EventProperty::EventProperty [0x00007FF723C52975+62437]
	Microsoft::Applications::Events::ILogManager::DispatchEventBroadcast [0x00007FF723F61488+1408232]
	Microsoft::Applications::Events::EventProperty::EventProperty [0x00007FF723D133CF+851519]
	Microsoft::Applications::Events::EventProperty::EventProperty [0x00007FF723D18434+872100]
	Microsoft::Applications::Events::EventProperty::EventProperty [0x00007FF723D1858C+872444]
	Microsoft::Applications::Events::EventProperty::EventProperty [0x00007FF723D2089B+905995]
	BaseThreadInitThunk [0x00007FFF302E7614+20]
	RtlUserThreadStart [0x00007FFF31FA26A1+33]

Traceback (most recent call last):
  File "C:\Users\gy08205060218\PycharmProjects\pythonProject\venv\lib\site-packages\parameterized\parameterized.py", line 533, in standalone_func
    return func(*(a + p.args), **p.kwargs)
  File "D:\Users\gy08205060218\tutan_test\scripts\test_login.py", line 48, in test_login
    self.login.page_login(username, pwd, code)
  File "D:\Users\gy08205060218\tutan_test\page\page_login.py", line 52, in page_login
    self.page_input_username(username)
  File "D:\Users\gy08205060218\tutan_test\page\page_login.py", line 12, in page_input_username
    self.base_input(page.login_username, username)
  File "D:\Users\gy08205060218\tutan_test\base\base.py", line 37, in base_input
    el = self.base_find_element(loc)
  File "D:\Users\gy08205060218\tutan_test\base\base.py", line 19, in base_find_element
    return WebDriverWait(self.driver,
  File "C:\Users\gy08205060218\PycharmProjects\pythonProject\venv\lib\site-packages\selenium\webdriver\support\wait.py", line 81, in until
    value = method(self._driver)
  File "D:\Users\gy08205060218\tutan_test\base\base.py", line 21, in &lt;lambda&gt;
    poll_frequency=poll).until(lambda x: x.find_element(*loc))
  File "C:\Users\gy08205060218\PycharmProjects\pythonProject\venv\lib\site-packages\selenium\webdriver\remote\webdriver.py", line 855, in find_element
    return self.execute(Command.FIND_ELEMENT, {
  File "C:\Users\gy08205060218\PycharmProjects\pythonProject\venv\lib\site-packages\selenium\webdriver\remote\webdriver.py", line 428, in execute
    self.error_handler.check_response(response)
  File "C:\Users\gy08205060218\PycharmProjects\pythonProject\venv\lib\site-packages\selenium\webdriver\remote\errorhandler.py", line 243, in check_response
    raise exception_class(message, screen, stacktrace)
selenium.common.exceptions.NoSuchWindowException: Message: no such window: target window already closed
from unknown error: web view not found
  (Session info: MicrosoftEdge=111.0.1661.54)
Stacktrace:
Backtrace:
	Microsoft::Applications::Events::EventProperties::SetProperty [0x00007FF723D73C22+14194]
	Microsoft::Applications::Events::EventProperty::EventProperty [0x00007FF723D0AEC2+817458]
	(No symbol) [0x00007FF72399DB50]
	(No symbol) [0x00007FF723977B24]
	(No symbol) [0x00007FF723A04777]
	(No symbol) [0x00007FF723A18F08]
	(No symbol) [0x00007FF723A00343]
	(No symbol) [0x00007FF7239D1FFC]
	(No symbol) [0x00007FF7239D0F7E]
	(No symbol) [0x00007FF7239D27EE]
	Microsoft::Applications::Events::EventProperties::SetProperty [0x00007FF723BEEAA0+180080]
	(No symbol) [0x00007FF723AA0B17]
	Microsoft::Applications::Events::EventProperty::EventProperty [0x00007FF723C4F772+49634]
	Microsoft::Applications::Events::EventProperty::EventProperty [0x00007FF723C52975+62437]
	Microsoft::Applications::Events::ILogManager::DispatchEventBroadcast [0x00007FF723F61488+1408232]
	Microsoft::Applications::Events::EventProperty::EventProperty [0x00007FF723D133CF+851519]
	Microsoft::Applications::Events::EventProperty::EventProperty [0x00007FF723D18434+872100]
	Microsoft::Applications::Events::EventProperty::EventProperty [0x00007FF723D1858C+872444]
	Microsoft::Applications::Events::EventProperty::EventProperty [0x00007FF723D2089B+905995]
	BaseThreadInitThunk [0x00007FFF302E7614+20]
	RtlUserThreadStart [0x00007FFF31FA26A1+33]



        </pre>
    </div>
    <!--css div popup end-->

    </td>
</tr>

<tr id='ft1.6' class='none'>
    <td class='errorCase'><div class='testcase'>test_login_5_13800001111</div></td>
    <td colspan='5' align='center'>

    <!--css div popup start-->
    <a class="popup_link" onfocus='this.blur();' href="javascript:showTestDetail('div_ft1.6')" >
        error</a>

    <div id='div_ft1.6' class="popup_window">
        <div style='text-align: right; color:red;cursor:pointer'>
        <a onfocus='this.blur();' onclick="document.getElementById('div_ft1.6').style.display = 'none' " >
           [x]</a>
        </div>
        <pre>
        
ft1.6: Traceback (most recent call last):
  File "C:\Users\gy08205060218\PycharmProjects\pythonProject\venv\lib\site-packages\parameterized\parameterized.py", line 533, in standalone_func
    return func(*(a + p.args), **p.kwargs)
  File "D:\Users\gy08205060218\tutan_test\scripts\test_login.py", line 48, in test_login
    self.login.page_login(username, pwd, code)
  File "D:\Users\gy08205060218\tutan_test\page\page_login.py", line 52, in page_login
    self.page_input_username(username)
  File "D:\Users\gy08205060218\tutan_test\page\page_login.py", line 12, in page_input_username
    self.base_input(page.login_username, username)
  File "D:\Users\gy08205060218\tutan_test\base\base.py", line 37, in base_input
    el = self.base_find_element(loc)
  File "D:\Users\gy08205060218\tutan_test\base\base.py", line 19, in base_find_element
    return WebDriverWait(self.driver,
  File "C:\Users\gy08205060218\PycharmProjects\pythonProject\venv\lib\site-packages\selenium\webdriver\support\wait.py", line 81, in until
    value = method(self._driver)
  File "D:\Users\gy08205060218\tutan_test\base\base.py", line 21, in &lt;lambda&gt;
    poll_frequency=poll).until(lambda x: x.find_element(*loc))
  File "C:\Users\gy08205060218\PycharmProjects\pythonProject\venv\lib\site-packages\selenium\webdriver\remote\webdriver.py", line 855, in find_element
    return self.execute(Command.FIND_ELEMENT, {
  File "C:\Users\gy08205060218\PycharmProjects\pythonProject\venv\lib\site-packages\selenium\webdriver\remote\webdriver.py", line 428, in execute
    self.error_handler.check_response(response)
  File "C:\Users\gy08205060218\PycharmProjects\pythonProject\venv\lib\site-packages\selenium\webdriver\remote\errorhandler.py", line 243, in check_response
    raise exception_class(message, screen, stacktrace)
selenium.common.exceptions.NoSuchWindowException: Message: no such window: target window already closed
from unknown error: web view not found
  (Session info: MicrosoftEdge=111.0.1661.54)
Stacktrace:
Backtrace:
	Microsoft::Applications::Events::EventProperties::SetProperty [0x00007FF723D73C22+14194]
	Microsoft::Applications::Events::EventProperty::EventProperty [0x00007FF723D0AEC2+817458]
	(No symbol) [0x00007FF72399DB50]
	(No symbol) [0x00007FF723977B24]
	(No symbol) [0x00007FF723A04777]
	(No symbol) [0x00007FF723A18F08]
	(No symbol) [0x00007FF723A00343]
	(No symbol) [0x00007FF7239D1FFC]
	(No symbol) [0x00007FF7239D0F7E]
	(No symbol) [0x00007FF7239D27EE]
	Microsoft::Applications::Events::EventProperties::SetProperty [0x00007FF723BEEAA0+180080]
	(No symbol) [0x00007FF723AA0B17]
	Microsoft::Applications::Events::EventProperty::EventProperty [0x00007FF723C4F772+49634]
	Microsoft::Applications::Events::EventProperty::EventProperty [0x00007FF723C52975+62437]
	Microsoft::Applications::Events::ILogManager::DispatchEventBroadcast [0x00007FF723F61488+1408232]
	Microsoft::Applications::Events::EventProperty::EventProperty [0x00007FF723D133CF+851519]
	Microsoft::Applications::Events::EventProperty::EventProperty [0x00007FF723D18434+872100]
	Microsoft::Applications::Events::EventProperty::EventProperty [0x00007FF723D1858C+872444]
	Microsoft::Applications::Events::EventProperty::EventProperty [0x00007FF723D2089B+905995]
	BaseThreadInitThunk [0x00007FFF302E7614+20]
	RtlUserThreadStart [0x00007FFF31FA26A1+33]

Traceback (most recent call last):
  File "C:\Users\gy08205060218\PycharmProjects\pythonProject\venv\lib\site-packages\parameterized\parameterized.py", line 533, in standalone_func
    return func(*(a + p.args), **p.kwargs)
  File "D:\Users\gy08205060218\tutan_test\scripts\test_login.py", line 48, in test_login
    self.login.page_login(username, pwd, code)
  File "D:\Users\gy08205060218\tutan_test\page\page_login.py", line 52, in page_login
    self.page_input_username(username)
  File "D:\Users\gy08205060218\tutan_test\page\page_login.py", line 12, in page_input_username
    self.base_input(page.login_username, username)
  File "D:\Users\gy08205060218\tutan_test\base\base.py", line 37, in base_input
    el = self.base_find_element(loc)
  File "D:\Users\gy08205060218\tutan_test\base\base.py", line 19, in base_find_element
    return WebDriverWait(self.driver,
  File "C:\Users\gy08205060218\PycharmProjects\pythonProject\venv\lib\site-packages\selenium\webdriver\support\wait.py", line 81, in until
    value = method(self._driver)
  File "D:\Users\gy08205060218\tutan_test\base\base.py", line 21, in &lt;lambda&gt;
    poll_frequency=poll).until(lambda x: x.find_element(*loc))
  File "C:\Users\gy08205060218\PycharmProjects\pythonProject\venv\lib\site-packages\selenium\webdriver\remote\webdriver.py", line 855, in find_element
    return self.execute(Command.FIND_ELEMENT, {
  File "C:\Users\gy08205060218\PycharmProjects\pythonProject\venv\lib\site-packages\selenium\webdriver\remote\webdriver.py", line 428, in execute
    self.error_handler.check_response(response)
  File "C:\Users\gy08205060218\PycharmProjects\pythonProject\venv\lib\site-packages\selenium\webdriver\remote\errorhandler.py", line 243, in check_response
    raise exception_class(message, screen, stacktrace)
selenium.common.exceptions.NoSuchWindowException: Message: no such window: target window already closed
from unknown error: web view not found
  (Session info: MicrosoftEdge=111.0.1661.54)
Stacktrace:
Backtrace:
	Microsoft::Applications::Events::EventProperties::SetProperty [0x00007FF723D73C22+14194]
	Microsoft::Applications::Events::EventProperty::EventProperty [0x00007FF723D0AEC2+817458]
	(No symbol) [0x00007FF72399DB50]
	(No symbol) [0x00007FF723977B24]
	(No symbol) [0x00007FF723A04777]
	(No symbol) [0x00007FF723A18F08]
	(No symbol) [0x00007FF723A00343]
	(No symbol) [0x00007FF7239D1FFC]
	(No symbol) [0x00007FF7239D0F7E]
	(No symbol) [0x00007FF7239D27EE]
	Microsoft::Applications::Events::EventProperties::SetProperty [0x00007FF723BEEAA0+180080]
	(No symbol) [0x00007FF723AA0B17]
	Microsoft::Applications::Events::EventProperty::EventProperty [0x00007FF723C4F772+49634]
	Microsoft::Applications::Events::EventProperty::EventProperty [0x00007FF723C52975+62437]
	Microsoft::Applications::Events::ILogManager::DispatchEventBroadcast [0x00007FF723F61488+1408232]
	Microsoft::Applications::Events::EventProperty::EventProperty [0x00007FF723D133CF+851519]
	Microsoft::Applications::Events::EventProperty::EventProperty [0x00007FF723D18434+872100]
	Microsoft::Applications::Events::EventProperty::EventProperty [0x00007FF723D1858C+872444]
	Microsoft::Applications::Events::EventProperty::EventProperty [0x00007FF723D2089B+905995]
	BaseThreadInitThunk [0x00007FFF302E7614+20]
	RtlUserThreadStart [0x00007FFF31FA26A1+33]



        </pre>
    </div>
    <!--css div popup end-->

    </td>
</tr>

<tr id='total_row'>
    <td>Total</td>
    <td>6</td>
    <td>0</td>
    <td>0</td>
    <td>6</td>
    <td>&nbsp;</td>
</tr>
</table>

<div id='ending'>&nbsp;</div>

</body>
</html>
